2025-05-19 17:12:35,975 - INFO - Working directory: D:\hurtownie\Integration Services Project1\PythonScripts
2025-05-19 17:12:35,975 - INFO - Python path: C:\Users\jakub\anaconda3\python.exe
2025-05-19 17:12:35,975 - INFO - Files in current directory: ['config.py', 'data_integration.py', 'entsoe_loader.py', 'main.py', 'utils.py', 'weather_loader.py', '__pycache__']
2025-05-19 17:12:35,975 - INFO - Script directory: D:\hurtownie\Integration Services Project1\PythonScripts
2025-05-19 17:12:35,975 - INFO - Files in script directory: ['config.py', 'data_integration.py', 'entsoe_loader.py', 'main.py', 'utils.py', 'weather_loader.py', '__pycache__']
2025-05-19 17:12:35,975 - INFO - Starting process_entsoe_data with type=load, days_back=10
2025-05-19 17:12:35,975 - INFO - Script arguments: ['D:\\hurtownie\\Integration Services Project1\\PythonScripts\\entsoe_loader.py', 'load', '2020-01-01', '2024-12-31']
2025-05-19 17:12:35,975 - INFO - Using args[2] and args[3] for dates
2025-05-19 17:12:48,449 - INFO - Working directory: D:\hurtownie\Integration Services Project1\PythonScripts
2025-05-19 17:12:48,449 - INFO - Python path: C:\Users\jakub\anaconda3\python.exe
2025-05-19 17:12:48,449 - INFO - Files in current directory: ['config.py', 'data_integration.py', 'entsoe_loader.py', 'main.py', 'utils.py', 'weather_loader.py', '__pycache__']
2025-05-19 17:12:48,450 - INFO - Script directory: D:\hurtownie\Integration Services Project1\PythonScripts
2025-05-19 17:12:48,450 - INFO - Files in script directory: ['config.py', 'data_integration.py', 'entsoe_loader.py', 'main.py', 'utils.py', 'weather_loader.py', '__pycache__']
2025-05-19 17:12:48,450 - INFO - Starting process_entsoe_data with type=price, days_back=10
2025-05-19 17:12:48,450 - INFO - Script arguments: ['entsoe_loader.py', 'price', '2020-01-01', '2024-12-31']
2025-05-19 17:12:48,450 - INFO - Using args[2] and args[3] for dates
2025-05-19 17:12:48,674 - INFO - Final date range: 2020-01-01 00:00:00+01:00 to 2024-12-31 00:00:00+01:00
2025-05-19 17:12:48,682 - DEBUG - Performing request to https://web-api.tp.entsoe.eu/api with params {'documentType': 'A44', 'in_Domain': '10YPL-AREA-----S', 'out_Domain': '10YPL-AREA-----S', 'offset': 0, 'securityToken': '14911a12-10be-4bcb-a74a-64195e416851', 'periodStart': '201912302300', 'periodEnd': '202012302300'}
2025-05-19 17:12:48,685 - DEBUG - Starting new HTTPS connection (1): web-api.tp.entsoe.eu:443
2025-05-19 17:12:49,286 - DEBUG - https://web-api.tp.entsoe.eu:443 "GET /api?documentType=A44&in_Domain=10YPL-AREA-----S&out_Domain=10YPL-AREA-----S&offset=0&securityToken=14911a12-10be-4bcb-a74a-64195e416851&periodStart=201912302300&periodEnd=202012302300 HTTP/1.1" 200 None
2025-05-19 17:12:50,827 - DEBUG - Performing request to https://web-api.tp.entsoe.eu/api with params {'documentType': 'A44', 'in_Domain': '10YPL-AREA-----S', 'out_Domain': '10YPL-AREA-----S', 'offset': 100, 'securityToken': '14911a12-10be-4bcb-a74a-64195e416851', 'periodStart': '201912302300', 'periodEnd': '202012302300'}
2025-05-19 17:12:51,121 - DEBUG - https://web-api.tp.entsoe.eu:443 "GET /api?documentType=A44&in_Domain=10YPL-AREA-----S&out_Domain=10YPL-AREA-----S&offset=100&securityToken=14911a12-10be-4bcb-a74a-64195e416851&periodStart=201912302300&periodEnd=202012302300 HTTP/1.1" 200 None
2025-05-19 17:12:52,736 - DEBUG - Performing request to https://web-api.tp.entsoe.eu/api with params {'documentType': 'A44', 'in_Domain': '10YPL-AREA-----S', 'out_Domain': '10YPL-AREA-----S', 'offset': 200, 'securityToken': '14911a12-10be-4bcb-a74a-64195e416851', 'periodStart': '201912302300', 'periodEnd': '202012302300'}
2025-05-19 17:12:53,086 - DEBUG - https://web-api.tp.entsoe.eu:443 "GET /api?documentType=A44&in_Domain=10YPL-AREA-----S&out_Domain=10YPL-AREA-----S&offset=200&securityToken=14911a12-10be-4bcb-a74a-64195e416851&periodStart=201912302300&periodEnd=202012302300 HTTP/1.1" 200 None
2025-05-19 17:12:54,653 - DEBUG - Performing request to https://web-api.tp.entsoe.eu/api with params {'documentType': 'A44', 'in_Domain': '10YPL-AREA-----S', 'out_Domain': '10YPL-AREA-----S', 'offset': 300, 'securityToken': '14911a12-10be-4bcb-a74a-64195e416851', 'periodStart': '201912302300', 'periodEnd': '202012302300'}
2025-05-19 17:12:54,952 - DEBUG - https://web-api.tp.entsoe.eu:443 "GET /api?documentType=A44&in_Domain=10YPL-AREA-----S&out_Domain=10YPL-AREA-----S&offset=300&securityToken=14911a12-10be-4bcb-a74a-64195e416851&periodStart=201912302300&periodEnd=202012302300 HTTP/1.1" 200 None
2025-05-19 17:12:55,671 - DEBUG - Performing request to https://web-api.tp.entsoe.eu/api with params {'documentType': 'A44', 'in_Domain': '10YPL-AREA-----S', 'out_Domain': '10YPL-AREA-----S', 'offset': 400, 'securityToken': '14911a12-10be-4bcb-a74a-64195e416851', 'periodStart': '201912302300', 'periodEnd': '202012302300'}
2025-05-19 17:12:56,046 - DEBUG - https://web-api.tp.entsoe.eu:443 "GET /api?documentType=A44&in_Domain=10YPL-AREA-----S&out_Domain=10YPL-AREA-----S&offset=400&securityToken=14911a12-10be-4bcb-a74a-64195e416851&periodStart=201912302300&periodEnd=202012302300 HTTP/1.1" 200 933
2025-05-19 17:12:56,049 - DEBUG - NoMatchingDataError: for offset 400
2025-05-19 17:12:56,058 - DEBUG - Performing request to https://web-api.tp.entsoe.eu/api with params {'documentType': 'A44', 'in_Domain': '10YPL-AREA-----S', 'out_Domain': '10YPL-AREA-----S', 'offset': 0, 'securityToken': '14911a12-10be-4bcb-a74a-64195e416851', 'periodStart': '202012302300', 'periodEnd': '202112302300'}
2025-05-19 17:12:56,429 - DEBUG - https://web-api.tp.entsoe.eu:443 "GET /api?documentType=A44&in_Domain=10YPL-AREA-----S&out_Domain=10YPL-AREA-----S&offset=0&securityToken=14911a12-10be-4bcb-a74a-64195e416851&periodStart=202012302300&periodEnd=202112302300 HTTP/1.1" 200 None
2025-05-19 17:12:57,506 - DEBUG - Performing request to https://web-api.tp.entsoe.eu/api with params {'documentType': 'A44', 'in_Domain': '10YPL-AREA-----S', 'out_Domain': '10YPL-AREA-----S', 'offset': 100, 'securityToken': '14911a12-10be-4bcb-a74a-64195e416851', 'periodStart': '202012302300', 'periodEnd': '202112302300'}
2025-05-19 17:12:57,799 - DEBUG - https://web-api.tp.entsoe.eu:443 "GET /api?documentType=A44&in_Domain=10YPL-AREA-----S&out_Domain=10YPL-AREA-----S&offset=100&securityToken=14911a12-10be-4bcb-a74a-64195e416851&periodStart=202012302300&periodEnd=202112302300 HTTP/1.1" 200 None
2025-05-19 17:12:59,384 - DEBUG - Performing request to https://web-api.tp.entsoe.eu/api with params {'documentType': 'A44', 'in_Domain': '10YPL-AREA-----S', 'out_Domain': '10YPL-AREA-----S', 'offset': 200, 'securityToken': '14911a12-10be-4bcb-a74a-64195e416851', 'periodStart': '202012302300', 'periodEnd': '202112302300'}
2025-05-19 17:12:59,629 - DEBUG - https://web-api.tp.entsoe.eu:443 "GET /api?documentType=A44&in_Domain=10YPL-AREA-----S&out_Domain=10YPL-AREA-----S&offset=200&securityToken=14911a12-10be-4bcb-a74a-64195e416851&periodStart=202012302300&periodEnd=202112302300 HTTP/1.1" 200 None
2025-05-19 17:13:01,421 - DEBUG - Performing request to https://web-api.tp.entsoe.eu/api with params {'documentType': 'A44', 'in_Domain': '10YPL-AREA-----S', 'out_Domain': '10YPL-AREA-----S', 'offset': 300, 'securityToken': '14911a12-10be-4bcb-a74a-64195e416851', 'periodStart': '202012302300', 'periodEnd': '202112302300'}
2025-05-19 17:13:02,194 - DEBUG - https://web-api.tp.entsoe.eu:443 "GET /api?documentType=A44&in_Domain=10YPL-AREA-----S&out_Domain=10YPL-AREA-----S&offset=300&securityToken=14911a12-10be-4bcb-a74a-64195e416851&periodStart=202012302300&periodEnd=202112302300 HTTP/1.1" 200 None
2025-05-19 17:13:03,324 - DEBUG - Performing request to https://web-api.tp.entsoe.eu/api with params {'documentType': 'A44', 'in_Domain': '10YPL-AREA-----S', 'out_Domain': '10YPL-AREA-----S', 'offset': 400, 'securityToken': '14911a12-10be-4bcb-a74a-64195e416851', 'periodStart': '202012302300', 'periodEnd': '202112302300'}
2025-05-19 17:13:03,560 - DEBUG - https://web-api.tp.entsoe.eu:443 "GET /api?documentType=A44&in_Domain=10YPL-AREA-----S&out_Domain=10YPL-AREA-----S&offset=400&securityToken=14911a12-10be-4bcb-a74a-64195e416851&periodStart=202012302300&periodEnd=202112302300 HTTP/1.1" 200 933
2025-05-19 17:13:03,560 - DEBUG - NoMatchingDataError: for offset 400
2025-05-19 17:13:03,562 - DEBUG - Performing request to https://web-api.tp.entsoe.eu/api with params {'documentType': 'A44', 'in_Domain': '10YPL-AREA-----S', 'out_Domain': '10YPL-AREA-----S', 'offset': 0, 'securityToken': '14911a12-10be-4bcb-a74a-64195e416851', 'periodStart': '202112302300', 'periodEnd': '202212302300'}
2025-05-19 17:13:03,813 - DEBUG - https://web-api.tp.entsoe.eu:443 "GET /api?documentType=A44&in_Domain=10YPL-AREA-----S&out_Domain=10YPL-AREA-----S&offset=0&securityToken=14911a12-10be-4bcb-a74a-64195e416851&periodStart=202112302300&periodEnd=202212302300 HTTP/1.1" 200 None
2025-05-19 17:13:05,239 - DEBUG - Performing request to https://web-api.tp.entsoe.eu/api with params {'documentType': 'A44', 'in_Domain': '10YPL-AREA-----S', 'out_Domain': '10YPL-AREA-----S', 'offset': 100, 'securityToken': '14911a12-10be-4bcb-a74a-64195e416851', 'periodStart': '202112302300', 'periodEnd': '202212302300'}
2025-05-19 17:13:05,545 - DEBUG - https://web-api.tp.entsoe.eu:443 "GET /api?documentType=A44&in_Domain=10YPL-AREA-----S&out_Domain=10YPL-AREA-----S&offset=100&securityToken=14911a12-10be-4bcb-a74a-64195e416851&periodStart=202112302300&periodEnd=202212302300 HTTP/1.1" 200 None
2025-05-19 17:13:07,196 - DEBUG - Performing request to https://web-api.tp.entsoe.eu/api with params {'documentType': 'A44', 'in_Domain': '10YPL-AREA-----S', 'out_Domain': '10YPL-AREA-----S', 'offset': 200, 'securityToken': '14911a12-10be-4bcb-a74a-64195e416851', 'periodStart': '202112302300', 'periodEnd': '202212302300'}
2025-05-19 17:13:07,423 - DEBUG - https://web-api.tp.entsoe.eu:443 "GET /api?documentType=A44&in_Domain=10YPL-AREA-----S&out_Domain=10YPL-AREA-----S&offset=200&securityToken=14911a12-10be-4bcb-a74a-64195e416851&periodStart=202112302300&periodEnd=202212302300 HTTP/1.1" 200 None
2025-05-19 17:13:08,488 - DEBUG - Performing request to https://web-api.tp.entsoe.eu/api with params {'documentType': 'A44', 'in_Domain': '10YPL-AREA-----S', 'out_Domain': '10YPL-AREA-----S', 'offset': 300, 'securityToken': '14911a12-10be-4bcb-a74a-64195e416851', 'periodStart': '202112302300', 'periodEnd': '202212302300'}
2025-05-19 17:13:08,670 - DEBUG - https://web-api.tp.entsoe.eu:443 "GET /api?documentType=A44&in_Domain=10YPL-AREA-----S&out_Domain=10YPL-AREA-----S&offset=300&securityToken=14911a12-10be-4bcb-a74a-64195e416851&periodStart=202112302300&periodEnd=202212302300 HTTP/1.1" 200 None
2025-05-19 17:13:09,395 - DEBUG - Performing request to https://web-api.tp.entsoe.eu/api with params {'documentType': 'A44', 'in_Domain': '10YPL-AREA-----S', 'out_Domain': '10YPL-AREA-----S', 'offset': 400, 'securityToken': '14911a12-10be-4bcb-a74a-64195e416851', 'periodStart': '202112302300', 'periodEnd': '202212302300'}
2025-05-19 17:13:09,640 - DEBUG - https://web-api.tp.entsoe.eu:443 "GET /api?documentType=A44&in_Domain=10YPL-AREA-----S&out_Domain=10YPL-AREA-----S&offset=400&securityToken=14911a12-10be-4bcb-a74a-64195e416851&periodStart=202112302300&periodEnd=202212302300 HTTP/1.1" 200 933
2025-05-19 17:13:09,640 - DEBUG - NoMatchingDataError: for offset 400
2025-05-19 17:13:09,642 - DEBUG - Performing request to https://web-api.tp.entsoe.eu/api with params {'documentType': 'A44', 'in_Domain': '10YPL-AREA-----S', 'out_Domain': '10YPL-AREA-----S', 'offset': 0, 'securityToken': '14911a12-10be-4bcb-a74a-64195e416851', 'periodStart': '202212302300', 'periodEnd': '202312302300'}
2025-05-19 17:13:09,911 - DEBUG - https://web-api.tp.entsoe.eu:443 "GET /api?documentType=A44&in_Domain=10YPL-AREA-----S&out_Domain=10YPL-AREA-----S&offset=0&securityToken=14911a12-10be-4bcb-a74a-64195e416851&periodStart=202212302300&periodEnd=202312302300 HTTP/1.1" 200 None
2025-05-19 17:13:10,930 - DEBUG - Performing request to https://web-api.tp.entsoe.eu/api with params {'documentType': 'A44', 'in_Domain': '10YPL-AREA-----S', 'out_Domain': '10YPL-AREA-----S', 'offset': 100, 'securityToken': '14911a12-10be-4bcb-a74a-64195e416851', 'periodStart': '202212302300', 'periodEnd': '202312302300'}
2025-05-19 17:13:11,214 - DEBUG - https://web-api.tp.entsoe.eu:443 "GET /api?documentType=A44&in_Domain=10YPL-AREA-----S&out_Domain=10YPL-AREA-----S&offset=100&securityToken=14911a12-10be-4bcb-a74a-64195e416851&periodStart=202212302300&periodEnd=202312302300 HTTP/1.1" 200 None
2025-05-19 17:13:12,829 - DEBUG - Performing request to https://web-api.tp.entsoe.eu/api with params {'documentType': 'A44', 'in_Domain': '10YPL-AREA-----S', 'out_Domain': '10YPL-AREA-----S', 'offset': 200, 'securityToken': '14911a12-10be-4bcb-a74a-64195e416851', 'periodStart': '202212302300', 'periodEnd': '202312302300'}
2025-05-19 17:13:13,094 - DEBUG - https://web-api.tp.entsoe.eu:443 "GET /api?documentType=A44&in_Domain=10YPL-AREA-----S&out_Domain=10YPL-AREA-----S&offset=200&securityToken=14911a12-10be-4bcb-a74a-64195e416851&periodStart=202212302300&periodEnd=202312302300 HTTP/1.1" 200 None
2025-05-19 17:13:14,282 - DEBUG - Performing request to https://web-api.tp.entsoe.eu/api with params {'documentType': 'A44', 'in_Domain': '10YPL-AREA-----S', 'out_Domain': '10YPL-AREA-----S', 'offset': 300, 'securityToken': '14911a12-10be-4bcb-a74a-64195e416851', 'periodStart': '202212302300', 'periodEnd': '202312302300'}
2025-05-19 17:13:14,596 - DEBUG - https://web-api.tp.entsoe.eu:443 "GET /api?documentType=A44&in_Domain=10YPL-AREA-----S&out_Domain=10YPL-AREA-----S&offset=300&securityToken=14911a12-10be-4bcb-a74a-64195e416851&periodStart=202212302300&periodEnd=202312302300 HTTP/1.1" 200 None
2025-05-19 17:13:15,294 - DEBUG - Performing request to https://web-api.tp.entsoe.eu/api with params {'documentType': 'A44', 'in_Domain': '10YPL-AREA-----S', 'out_Domain': '10YPL-AREA-----S', 'offset': 400, 'securityToken': '14911a12-10be-4bcb-a74a-64195e416851', 'periodStart': '202212302300', 'periodEnd': '202312302300'}
2025-05-19 17:13:15,522 - DEBUG - https://web-api.tp.entsoe.eu:443 "GET /api?documentType=A44&in_Domain=10YPL-AREA-----S&out_Domain=10YPL-AREA-----S&offset=400&securityToken=14911a12-10be-4bcb-a74a-64195e416851&periodStart=202212302300&periodEnd=202312302300 HTTP/1.1" 200 933
2025-05-19 17:13:15,522 - DEBUG - NoMatchingDataError: for offset 400
2025-05-19 17:13:15,524 - DEBUG - Performing request to https://web-api.tp.entsoe.eu/api with params {'documentType': 'A44', 'in_Domain': '10YPL-AREA-----S', 'out_Domain': '10YPL-AREA-----S', 'offset': 0, 'securityToken': '14911a12-10be-4bcb-a74a-64195e416851', 'periodStart': '202312302300', 'periodEnd': '202412302300'}
2025-05-19 17:13:15,762 - DEBUG - https://web-api.tp.entsoe.eu:443 "GET /api?documentType=A44&in_Domain=10YPL-AREA-----S&out_Domain=10YPL-AREA-----S&offset=0&securityToken=14911a12-10be-4bcb-a74a-64195e416851&periodStart=202312302300&periodEnd=202412302300 HTTP/1.1" 200 None
2025-05-19 17:13:17,115 - DEBUG - Performing request to https://web-api.tp.entsoe.eu/api with params {'documentType': 'A44', 'in_Domain': '10YPL-AREA-----S', 'out_Domain': '10YPL-AREA-----S', 'offset': 100, 'securityToken': '14911a12-10be-4bcb-a74a-64195e416851', 'periodStart': '202312302300', 'periodEnd': '202412302300'}
2025-05-19 17:13:17,436 - DEBUG - https://web-api.tp.entsoe.eu:443 "GET /api?documentType=A44&in_Domain=10YPL-AREA-----S&out_Domain=10YPL-AREA-----S&offset=100&securityToken=14911a12-10be-4bcb-a74a-64195e416851&periodStart=202312302300&periodEnd=202412302300 HTTP/1.1" 200 None
2025-05-19 17:13:18,544 - DEBUG - Performing request to https://web-api.tp.entsoe.eu/api with params {'documentType': 'A44', 'in_Domain': '10YPL-AREA-----S', 'out_Domain': '10YPL-AREA-----S', 'offset': 200, 'securityToken': '14911a12-10be-4bcb-a74a-64195e416851', 'periodStart': '202312302300', 'periodEnd': '202412302300'}
2025-05-19 17:13:18,761 - DEBUG - https://web-api.tp.entsoe.eu:443 "GET /api?documentType=A44&in_Domain=10YPL-AREA-----S&out_Domain=10YPL-AREA-----S&offset=200&securityToken=14911a12-10be-4bcb-a74a-64195e416851&periodStart=202312302300&periodEnd=202412302300 HTTP/1.1" 200 None
2025-05-19 17:13:19,776 - DEBUG - Performing request to https://web-api.tp.entsoe.eu/api with params {'documentType': 'A44', 'in_Domain': '10YPL-AREA-----S', 'out_Domain': '10YPL-AREA-----S', 'offset': 300, 'securityToken': '14911a12-10be-4bcb-a74a-64195e416851', 'periodStart': '202312302300', 'periodEnd': '202412302300'}
2025-05-19 17:13:20,071 - DEBUG - https://web-api.tp.entsoe.eu:443 "GET /api?documentType=A44&in_Domain=10YPL-AREA-----S&out_Domain=10YPL-AREA-----S&offset=300&securityToken=14911a12-10be-4bcb-a74a-64195e416851&periodStart=202312302300&periodEnd=202412302300 HTTP/1.1" 200 None
2025-05-19 17:13:20,835 - DEBUG - Performing request to https://web-api.tp.entsoe.eu/api with params {'documentType': 'A44', 'in_Domain': '10YPL-AREA-----S', 'out_Domain': '10YPL-AREA-----S', 'offset': 400, 'securityToken': '14911a12-10be-4bcb-a74a-64195e416851', 'periodStart': '202312302300', 'periodEnd': '202412302300'}
2025-05-19 17:13:23,183 - DEBUG - https://web-api.tp.entsoe.eu:443 "GET /api?documentType=A44&in_Domain=10YPL-AREA-----S&out_Domain=10YPL-AREA-----S&offset=400&securityToken=14911a12-10be-4bcb-a74a-64195e416851&periodStart=202312302300&periodEnd=202412302300 HTTP/1.1" 200 933
2025-05-19 17:13:23,183 - DEBUG - NoMatchingDataError: for offset 400
2025-05-19 17:13:23,184 - DEBUG - Performing request to https://web-api.tp.entsoe.eu/api with params {'documentType': 'A44', 'in_Domain': '10YPL-AREA-----S', 'out_Domain': '10YPL-AREA-----S', 'offset': 0, 'securityToken': '14911a12-10be-4bcb-a74a-64195e416851', 'periodStart': '202412302300', 'periodEnd': '202412312300'}
2025-05-19 17:13:23,845 - DEBUG - https://web-api.tp.entsoe.eu:443 "GET /api?documentType=A44&in_Domain=10YPL-AREA-----S&out_Domain=10YPL-AREA-----S&offset=0&securityToken=14911a12-10be-4bcb-a74a-64195e416851&periodStart=202412302300&periodEnd=202412312300 HTTP/1.1" 200 4911
2025-05-19 17:13:23,852 - DEBUG - Performing request to https://web-api.tp.entsoe.eu/api with params {'documentType': 'A44', 'in_Domain': '10YPL-AREA-----S', 'out_Domain': '10YPL-AREA-----S', 'offset': 100, 'securityToken': '14911a12-10be-4bcb-a74a-64195e416851', 'periodStart': '202412302300', 'periodEnd': '202412312300'}
2025-05-19 17:13:24,361 - DEBUG - https://web-api.tp.entsoe.eu:443 "GET /api?documentType=A44&in_Domain=10YPL-AREA-----S&out_Domain=10YPL-AREA-----S&offset=100&securityToken=14911a12-10be-4bcb-a74a-64195e416851&periodStart=202412302300&periodEnd=202412312300 HTTP/1.1" 200 933
2025-05-19 17:13:24,361 - DEBUG - NoMatchingDataError: for offset 100
2025-05-19 17:14:30,089 - INFO - Working directory: D:\hurtownie\Integration Services Project1\PythonScripts
2025-05-19 17:14:30,101 - INFO - Python path: C:\Users\jakub\anaconda3\python.exe
2025-05-19 17:14:30,101 - INFO - Files in current directory: ['config.py', 'data_integration.py', 'entsoe_loader.py', 'main.py', 'utils.py', 'weather_loader.py', '__pycache__']
2025-05-19 17:14:30,102 - INFO - Script directory: D:\hurtownie\Integration Services Project1\PythonScripts
2025-05-19 17:14:30,102 - INFO - Files in script directory: ['config.py', 'data_integration.py', 'entsoe_loader.py', 'main.py', 'utils.py', 'weather_loader.py', '__pycache__']
2025-05-19 17:14:30,102 - INFO - Starting process_entsoe_data with type=generation, days_back=10
2025-05-19 17:14:30,102 - INFO - Script arguments: ['entsoe_loader.py', 'generation', '2020-01-01', '2024-12-31']
2025-05-19 17:14:30,102 - INFO - Using args[2] and args[3] for dates
2025-05-19 17:14:30,281 - INFO - Final date range: 2020-01-01 00:00:00+01:00 to 2024-12-31 00:00:00+01:00
2025-05-19 17:14:30,283 - DEBUG - Performing request to https://web-api.tp.entsoe.eu/api with params {'documentType': 'A75', 'processType': 'A16', 'in_Domain': '10YPL-AREA-----S', 'securityToken': '14911a12-10be-4bcb-a74a-64195e416851', 'periodStart': '201912312300', 'periodEnd': '202012312300'}
2025-05-19 17:14:30,289 - DEBUG - Starting new HTTPS connection (1): web-api.tp.entsoe.eu:443
2025-05-19 17:15:00,636 - DEBUG - https://web-api.tp.entsoe.eu:443 "GET /api?documentType=A75&processType=A16&in_Domain=10YPL-AREA-----S&securityToken=14911a12-10be-4bcb-a74a-64195e416851&periodStart=201912312300&periodEnd=202012312300 HTTP/1.1" 200 None
2025-05-19 17:15:46,033 - DEBUG - Performing request to https://web-api.tp.entsoe.eu/api with params {'documentType': 'A75', 'processType': 'A16', 'in_Domain': '10YPL-AREA-----S', 'securityToken': '14911a12-10be-4bcb-a74a-64195e416851', 'periodStart': '202012312300', 'periodEnd': '202112312300'}
2025-05-19 17:15:46,034 - DEBUG - Resetting dropped connection: web-api.tp.entsoe.eu
2025-05-19 17:16:19,696 - DEBUG - https://web-api.tp.entsoe.eu:443 "GET /api?documentType=A75&processType=A16&in_Domain=10YPL-AREA-----S&securityToken=14911a12-10be-4bcb-a74a-64195e416851&periodStart=202012312300&periodEnd=202112312300 HTTP/1.1" 200 None
2025-05-19 17:16:53,413 - DEBUG - Performing request to https://web-api.tp.entsoe.eu/api with params {'documentType': 'A75', 'processType': 'A16', 'in_Domain': '10YPL-AREA-----S', 'securityToken': '14911a12-10be-4bcb-a74a-64195e416851', 'periodStart': '202112312300', 'periodEnd': '202212312300'}
2025-05-19 17:16:53,418 - DEBUG - Resetting dropped connection: web-api.tp.entsoe.eu
2025-05-19 17:17:30,824 - DEBUG - https://web-api.tp.entsoe.eu:443 "GET /api?documentType=A75&processType=A16&in_Domain=10YPL-AREA-----S&securityToken=14911a12-10be-4bcb-a74a-64195e416851&periodStart=202112312300&periodEnd=202212312300 HTTP/1.1" 200 None
2025-05-19 17:18:26,690 - DEBUG - Performing request to https://web-api.tp.entsoe.eu/api with params {'documentType': 'A75', 'processType': 'A16', 'in_Domain': '10YPL-AREA-----S', 'securityToken': '14911a12-10be-4bcb-a74a-64195e416851', 'periodStart': '202212312300', 'periodEnd': '202312312300'}
2025-05-19 17:18:26,692 - DEBUG - Resetting dropped connection: web-api.tp.entsoe.eu
2025-05-19 17:19:00,960 - DEBUG - https://web-api.tp.entsoe.eu:443 "GET /api?documentType=A75&processType=A16&in_Domain=10YPL-AREA-----S&securityToken=14911a12-10be-4bcb-a74a-64195e416851&periodStart=202212312300&periodEnd=202312312300 HTTP/1.1" 200 None
2025-05-19 17:19:46,687 - DEBUG - Performing request to https://web-api.tp.entsoe.eu/api with params {'documentType': 'A75', 'processType': 'A16', 'in_Domain': '10YPL-AREA-----S', 'securityToken': '14911a12-10be-4bcb-a74a-64195e416851', 'periodStart': '202312312300', 'periodEnd': '202412302300'}
2025-05-19 17:19:46,689 - DEBUG - Resetting dropped connection: web-api.tp.entsoe.eu
2025-05-19 17:20:22,543 - DEBUG - https://web-api.tp.entsoe.eu:443 "GET /api?documentType=A75&processType=A16&in_Domain=10YPL-AREA-----S&securityToken=14911a12-10be-4bcb-a74a-64195e416851&periodStart=202312312300&periodEnd=202412302300 HTTP/1.1" 200 None
2025-05-19 17:31:32,498 - INFO - Working directory: D:\hurtownie\Integration Services Project1\PythonScripts
2025-05-19 17:31:32,498 - INFO - Python path: C:\Users\jakub\anaconda3\python.exe
2025-05-19 17:31:32,498 - INFO - Files in current directory: ['config.py', 'data_integration.py', 'entsoe_loader.py', 'main.py', 'utils.py', 'weather_loader.py', '__pycache__']
2025-05-19 17:31:32,499 - INFO - Script directory: D:\hurtownie\Integration Services Project1\PythonScripts
2025-05-19 17:31:32,499 - INFO - Files in script directory: ['config.py', 'data_integration.py', 'entsoe_loader.py', 'main.py', 'utils.py', 'weather_loader.py', '__pycache__']
2025-05-19 17:31:32,499 - INFO - Starting process_entsoe_data with type=generation, days_back=10
2025-05-19 17:31:32,499 - INFO - Script arguments: ['entsoe_loader.py', 'generation', '2020-01-01', '2024-12-31']
2025-05-19 17:31:32,499 - INFO - Using args[2] and args[3] for dates
2025-05-19 17:31:32,650 - INFO - Final date range: 2020-01-01 00:00:00+01:00 to 2024-12-31 00:00:00+01:00
2025-05-19 17:31:32,651 - DEBUG - Performing request to https://web-api.tp.entsoe.eu/api with params {'documentType': 'A75', 'processType': 'A16', 'in_Domain': '10YPL-AREA-----S', 'securityToken': '14911a12-10be-4bcb-a74a-64195e416851', 'periodStart': '201912312300', 'periodEnd': '202012312300'}
2025-05-19 17:31:32,655 - DEBUG - Starting new HTTPS connection (1): web-api.tp.entsoe.eu:443
2025-05-19 17:32:01,581 - DEBUG - https://web-api.tp.entsoe.eu:443 "GET /api?documentType=A75&processType=A16&in_Domain=10YPL-AREA-----S&securityToken=14911a12-10be-4bcb-a74a-64195e416851&periodStart=201912312300&periodEnd=202012312300 HTTP/1.1" 200 None
2025-05-19 17:32:36,686 - DEBUG - Performing request to https://web-api.tp.entsoe.eu/api with params {'documentType': 'A75', 'processType': 'A16', 'in_Domain': '10YPL-AREA-----S', 'securityToken': '14911a12-10be-4bcb-a74a-64195e416851', 'periodStart': '202012312300', 'periodEnd': '202112312300'}
2025-05-19 17:32:36,688 - DEBUG - Resetting dropped connection: web-api.tp.entsoe.eu
2025-05-19 17:33:04,774 - DEBUG - https://web-api.tp.entsoe.eu:443 "GET /api?documentType=A75&processType=A16&in_Domain=10YPL-AREA-----S&securityToken=14911a12-10be-4bcb-a74a-64195e416851&periodStart=202012312300&periodEnd=202112312300 HTTP/1.1" 200 None
2025-05-19 17:33:37,330 - DEBUG - Performing request to https://web-api.tp.entsoe.eu/api with params {'documentType': 'A75', 'processType': 'A16', 'in_Domain': '10YPL-AREA-----S', 'securityToken': '14911a12-10be-4bcb-a74a-64195e416851', 'periodStart': '202112312300', 'periodEnd': '202212312300'}
2025-05-19 17:33:37,331 - DEBUG - Resetting dropped connection: web-api.tp.entsoe.eu
2025-05-19 17:34:10,758 - DEBUG - https://web-api.tp.entsoe.eu:443 "GET /api?documentType=A75&processType=A16&in_Domain=10YPL-AREA-----S&securityToken=14911a12-10be-4bcb-a74a-64195e416851&periodStart=202112312300&periodEnd=202212312300 HTTP/1.1" 200 None
2025-05-19 17:34:58,446 - DEBUG - Performing request to https://web-api.tp.entsoe.eu/api with params {'documentType': 'A75', 'processType': 'A16', 'in_Domain': '10YPL-AREA-----S', 'securityToken': '14911a12-10be-4bcb-a74a-64195e416851', 'periodStart': '202212312300', 'periodEnd': '202312312300'}
2025-05-19 17:34:58,448 - DEBUG - Resetting dropped connection: web-api.tp.entsoe.eu
2025-05-19 17:35:31,328 - DEBUG - https://web-api.tp.entsoe.eu:443 "GET /api?documentType=A75&processType=A16&in_Domain=10YPL-AREA-----S&securityToken=14911a12-10be-4bcb-a74a-64195e416851&periodStart=202212312300&periodEnd=202312312300 HTTP/1.1" 200 None
2025-05-19 17:36:05,478 - DEBUG - Performing request to https://web-api.tp.entsoe.eu/api with params {'documentType': 'A75', 'processType': 'A16', 'in_Domain': '10YPL-AREA-----S', 'securityToken': '14911a12-10be-4bcb-a74a-64195e416851', 'periodStart': '202312312300', 'periodEnd': '202412302300'}
2025-05-19 17:36:05,481 - DEBUG - Resetting dropped connection: web-api.tp.entsoe.eu
2025-05-19 17:36:44,447 - DEBUG - https://web-api.tp.entsoe.eu:443 "GET /api?documentType=A75&processType=A16&in_Domain=10YPL-AREA-----S&securityToken=14911a12-10be-4bcb-a74a-64195e416851&periodStart=202312312300&periodEnd=202412302300 HTTP/1.1" 200 None
2025-05-19 18:08:29,109 - INFO - Working directory: D:\hurtownie\Integration Services Project1\PythonScripts
2025-05-19 18:08:29,120 - INFO - Python path: C:\Users\jakub\anaconda3\python.exe
2025-05-19 18:08:29,121 - INFO - Files in current directory: ['config.py', 'data_integration.py', 'entsoe_loader.py', 'main.py', 'utils.py', 'weather_loader.py', '__pycache__']
2025-05-19 18:08:29,121 - INFO - Script directory: D:\hurtownie\Integration Services Project1\PythonScripts
2025-05-19 18:08:29,122 - INFO - Files in script directory: ['config.py', 'data_integration.py', 'entsoe_loader.py', 'main.py', 'utils.py', 'weather_loader.py', '__pycache__']
2025-05-19 18:08:29,122 - INFO - Starting process_entsoe_data with type=load, days_back=10
2025-05-19 18:08:29,122 - INFO - Script arguments: ['D:\\hurtownie\\Integration Services Project1\\PythonScripts\\entsoe_loader.py', 'load', '2020-01-01', '2024-12-31']
2025-05-19 18:08:29,122 - INFO - Using args[2] and args[3] for dates
2025-05-19 18:08:29,474 - INFO - Final date range: 2020-01-01 00:00:00+01:00 to 2024-12-31 00:00:00+01:00
2025-05-19 18:08:29,498 - DEBUG - Performing request to https://web-api.tp.entsoe.eu/api with params {'documentType': 'A65', 'processType': 'A16', 'outBiddingZone_Domain': '10YPL-AREA-----S', 'out_Domain': '10YPL-AREA-----S', 'securityToken': '14911a12-10be-4bcb-a74a-64195e416851', 'periodStart': '201912312300', 'periodEnd': '202012312300'}
2025-05-19 18:08:29,505 - DEBUG - Starting new HTTPS connection (1): web-api.tp.entsoe.eu:443
2025-05-19 18:08:32,085 - DEBUG - https://web-api.tp.entsoe.eu:443 "GET /api?documentType=A65&processType=A16&outBiddingZone_Domain=10YPL-AREA-----S&out_Domain=10YPL-AREA-----S&securityToken=14911a12-10be-4bcb-a74a-64195e416851&periodStart=201912312300&periodEnd=202012312300 HTTP/1.1" 200 None
2025-05-19 18:08:37,738 - DEBUG - Performing request to https://web-api.tp.entsoe.eu/api with params {'documentType': 'A65', 'processType': 'A16', 'outBiddingZone_Domain': '10YPL-AREA-----S', 'out_Domain': '10YPL-AREA-----S', 'securityToken': '14911a12-10be-4bcb-a74a-64195e416851', 'periodStart': '202012312300', 'periodEnd': '202112312300'}
2025-05-19 18:08:40,092 - DEBUG - https://web-api.tp.entsoe.eu:443 "GET /api?documentType=A65&processType=A16&outBiddingZone_Domain=10YPL-AREA-----S&out_Domain=10YPL-AREA-----S&securityToken=14911a12-10be-4bcb-a74a-64195e416851&periodStart=202012312300&periodEnd=202112312300 HTTP/1.1" 200 None
2025-05-19 18:08:44,619 - DEBUG - Performing request to https://web-api.tp.entsoe.eu/api with params {'documentType': 'A65', 'processType': 'A16', 'outBiddingZone_Domain': '10YPL-AREA-----S', 'out_Domain': '10YPL-AREA-----S', 'securityToken': '14911a12-10be-4bcb-a74a-64195e416851', 'periodStart': '202112312300', 'periodEnd': '202212312300'}
2025-05-19 18:08:47,619 - DEBUG - https://web-api.tp.entsoe.eu:443 "GET /api?documentType=A65&processType=A16&outBiddingZone_Domain=10YPL-AREA-----S&out_Domain=10YPL-AREA-----S&securityToken=14911a12-10be-4bcb-a74a-64195e416851&periodStart=202112312300&periodEnd=202212312300 HTTP/1.1" 200 None
2025-05-19 18:08:51,530 - DEBUG - Performing request to https://web-api.tp.entsoe.eu/api with params {'documentType': 'A65', 'processType': 'A16', 'outBiddingZone_Domain': '10YPL-AREA-----S', 'out_Domain': '10YPL-AREA-----S', 'securityToken': '14911a12-10be-4bcb-a74a-64195e416851', 'periodStart': '202212312300', 'periodEnd': '202312312300'}
2025-05-19 18:08:54,474 - DEBUG - https://web-api.tp.entsoe.eu:443 "GET /api?documentType=A65&processType=A16&outBiddingZone_Domain=10YPL-AREA-----S&out_Domain=10YPL-AREA-----S&securityToken=14911a12-10be-4bcb-a74a-64195e416851&periodStart=202212312300&periodEnd=202312312300 HTTP/1.1" 200 None
2025-05-19 18:08:58,063 - DEBUG - Performing request to https://web-api.tp.entsoe.eu/api with params {'documentType': 'A65', 'processType': 'A16', 'outBiddingZone_Domain': '10YPL-AREA-----S', 'out_Domain': '10YPL-AREA-----S', 'securityToken': '14911a12-10be-4bcb-a74a-64195e416851', 'periodStart': '202312312300', 'periodEnd': '202412302300'}
2025-05-19 18:09:00,948 - DEBUG - https://web-api.tp.entsoe.eu:443 "GET /api?documentType=A65&processType=A16&outBiddingZone_Domain=10YPL-AREA-----S&out_Domain=10YPL-AREA-----S&securityToken=14911a12-10be-4bcb-a74a-64195e416851&periodStart=202312312300&periodEnd=202412302300 HTTP/1.1" 200 None
2025-05-19 18:09:28,536 - INFO - Working directory: D:\hurtownie\Integration Services Project1\PythonScripts
2025-05-19 18:09:28,536 - INFO - Python path: C:\Users\jakub\anaconda3\python.exe
2025-05-19 18:09:28,536 - INFO - Files in current directory: ['config.py', 'data_integration.py', 'entsoe_loader.py', 'main.py', 'utils.py', 'weather_loader.py', '__pycache__']
2025-05-19 18:09:28,536 - INFO - Script directory: D:\hurtownie\Integration Services Project1\PythonScripts
2025-05-19 18:09:28,536 - INFO - Files in script directory: ['config.py', 'data_integration.py', 'entsoe_loader.py', 'main.py', 'utils.py', 'weather_loader.py', '__pycache__']
2025-05-19 18:09:28,536 - INFO - Starting process_entsoe_data with type=price, days_back=10
2025-05-19 18:09:28,536 - INFO - Script arguments: ['D:\\hurtownie\\Integration Services Project1\\PythonScripts\\entsoe_loader.py', 'price', '2020-01-01', '2024-12-31']
2025-05-19 18:09:28,536 - INFO - Using args[2] and args[3] for dates
2025-05-19 18:09:28,733 - INFO - Final date range: 2020-01-01 00:00:00+01:00 to 2024-12-31 00:00:00+01:00
2025-05-19 18:09:28,738 - DEBUG - Performing request to https://web-api.tp.entsoe.eu/api with params {'documentType': 'A44', 'in_Domain': '10YPL-AREA-----S', 'out_Domain': '10YPL-AREA-----S', 'offset': 0, 'securityToken': '14911a12-10be-4bcb-a74a-64195e416851', 'periodStart': '201912302300', 'periodEnd': '202012302300'}
2025-05-19 18:09:28,742 - DEBUG - Starting new HTTPS connection (1): web-api.tp.entsoe.eu:443
2025-05-19 18:09:31,915 - DEBUG - https://web-api.tp.entsoe.eu:443 "GET /api?documentType=A44&in_Domain=10YPL-AREA-----S&out_Domain=10YPL-AREA-----S&offset=0&securityToken=14911a12-10be-4bcb-a74a-64195e416851&periodStart=201912302300&periodEnd=202012302300 HTTP/1.1" 200 None
2025-05-19 18:09:33,122 - DEBUG - Performing request to https://web-api.tp.entsoe.eu/api with params {'documentType': 'A44', 'in_Domain': '10YPL-AREA-----S', 'out_Domain': '10YPL-AREA-----S', 'offset': 100, 'securityToken': '14911a12-10be-4bcb-a74a-64195e416851', 'periodStart': '201912302300', 'periodEnd': '202012302300'}
2025-05-19 18:09:33,476 - DEBUG - https://web-api.tp.entsoe.eu:443 "GET /api?documentType=A44&in_Domain=10YPL-AREA-----S&out_Domain=10YPL-AREA-----S&offset=100&securityToken=14911a12-10be-4bcb-a74a-64195e416851&periodStart=201912302300&periodEnd=202012302300 HTTP/1.1" 200 None
2025-05-19 18:09:34,593 - DEBUG - Performing request to https://web-api.tp.entsoe.eu/api with params {'documentType': 'A44', 'in_Domain': '10YPL-AREA-----S', 'out_Domain': '10YPL-AREA-----S', 'offset': 200, 'securityToken': '14911a12-10be-4bcb-a74a-64195e416851', 'periodStart': '201912302300', 'periodEnd': '202012302300'}
2025-05-19 18:09:34,934 - DEBUG - https://web-api.tp.entsoe.eu:443 "GET /api?documentType=A44&in_Domain=10YPL-AREA-----S&out_Domain=10YPL-AREA-----S&offset=200&securityToken=14911a12-10be-4bcb-a74a-64195e416851&periodStart=201912302300&periodEnd=202012302300 HTTP/1.1" 200 None
2025-05-19 18:09:36,134 - DEBUG - Performing request to https://web-api.tp.entsoe.eu/api with params {'documentType': 'A44', 'in_Domain': '10YPL-AREA-----S', 'out_Domain': '10YPL-AREA-----S', 'offset': 300, 'securityToken': '14911a12-10be-4bcb-a74a-64195e416851', 'periodStart': '201912302300', 'periodEnd': '202012302300'}
2025-05-19 18:09:36,455 - DEBUG - https://web-api.tp.entsoe.eu:443 "GET /api?documentType=A44&in_Domain=10YPL-AREA-----S&out_Domain=10YPL-AREA-----S&offset=300&securityToken=14911a12-10be-4bcb-a74a-64195e416851&periodStart=201912302300&periodEnd=202012302300 HTTP/1.1" 200 None
2025-05-19 18:09:37,256 - DEBUG - Performing request to https://web-api.tp.entsoe.eu/api with params {'documentType': 'A44', 'in_Domain': '10YPL-AREA-----S', 'out_Domain': '10YPL-AREA-----S', 'offset': 400, 'securityToken': '14911a12-10be-4bcb-a74a-64195e416851', 'periodStart': '201912302300', 'periodEnd': '202012302300'}
2025-05-19 18:09:37,615 - DEBUG - https://web-api.tp.entsoe.eu:443 "GET /api?documentType=A44&in_Domain=10YPL-AREA-----S&out_Domain=10YPL-AREA-----S&offset=400&securityToken=14911a12-10be-4bcb-a74a-64195e416851&periodStart=201912302300&periodEnd=202012302300 HTTP/1.1" 200 933
2025-05-19 18:09:37,617 - DEBUG - NoMatchingDataError: for offset 400
2025-05-19 18:09:37,621 - DEBUG - Performing request to https://web-api.tp.entsoe.eu/api with params {'documentType': 'A44', 'in_Domain': '10YPL-AREA-----S', 'out_Domain': '10YPL-AREA-----S', 'offset': 0, 'securityToken': '14911a12-10be-4bcb-a74a-64195e416851', 'periodStart': '202012302300', 'periodEnd': '202112302300'}
2025-05-19 18:09:37,997 - DEBUG - https://web-api.tp.entsoe.eu:443 "GET /api?documentType=A44&in_Domain=10YPL-AREA-----S&out_Domain=10YPL-AREA-----S&offset=0&securityToken=14911a12-10be-4bcb-a74a-64195e416851&periodStart=202012302300&periodEnd=202112302300 HTTP/1.1" 200 None
2025-05-19 18:09:39,201 - DEBUG - Performing request to https://web-api.tp.entsoe.eu/api with params {'documentType': 'A44', 'in_Domain': '10YPL-AREA-----S', 'out_Domain': '10YPL-AREA-----S', 'offset': 100, 'securityToken': '14911a12-10be-4bcb-a74a-64195e416851', 'periodStart': '202012302300', 'periodEnd': '202112302300'}
2025-05-19 18:09:40,139 - DEBUG - https://web-api.tp.entsoe.eu:443 "GET /api?documentType=A44&in_Domain=10YPL-AREA-----S&out_Domain=10YPL-AREA-----S&offset=100&securityToken=14911a12-10be-4bcb-a74a-64195e416851&periodStart=202012302300&periodEnd=202112302300 HTTP/1.1" 200 None
2025-05-19 18:09:41,454 - DEBUG - Performing request to https://web-api.tp.entsoe.eu/api with params {'documentType': 'A44', 'in_Domain': '10YPL-AREA-----S', 'out_Domain': '10YPL-AREA-----S', 'offset': 200, 'securityToken': '14911a12-10be-4bcb-a74a-64195e416851', 'periodStart': '202012302300', 'periodEnd': '202112302300'}
2025-05-19 18:09:41,895 - DEBUG - https://web-api.tp.entsoe.eu:443 "GET /api?documentType=A44&in_Domain=10YPL-AREA-----S&out_Domain=10YPL-AREA-----S&offset=200&securityToken=14911a12-10be-4bcb-a74a-64195e416851&periodStart=202012302300&periodEnd=202112302300 HTTP/1.1" 200 None
2025-05-19 18:09:43,470 - DEBUG - Performing request to https://web-api.tp.entsoe.eu/api with params {'documentType': 'A44', 'in_Domain': '10YPL-AREA-----S', 'out_Domain': '10YPL-AREA-----S', 'offset': 300, 'securityToken': '14911a12-10be-4bcb-a74a-64195e416851', 'periodStart': '202012302300', 'periodEnd': '202112302300'}
2025-05-19 18:09:43,936 - DEBUG - https://web-api.tp.entsoe.eu:443 "GET /api?documentType=A44&in_Domain=10YPL-AREA-----S&out_Domain=10YPL-AREA-----S&offset=300&securityToken=14911a12-10be-4bcb-a74a-64195e416851&periodStart=202012302300&periodEnd=202112302300 HTTP/1.1" 200 None
2025-05-19 18:09:44,953 - DEBUG - Performing request to https://web-api.tp.entsoe.eu/api with params {'documentType': 'A44', 'in_Domain': '10YPL-AREA-----S', 'out_Domain': '10YPL-AREA-----S', 'offset': 400, 'securityToken': '14911a12-10be-4bcb-a74a-64195e416851', 'periodStart': '202012302300', 'periodEnd': '202112302300'}
2025-05-19 18:09:45,372 - DEBUG - https://web-api.tp.entsoe.eu:443 "GET /api?documentType=A44&in_Domain=10YPL-AREA-----S&out_Domain=10YPL-AREA-----S&offset=400&securityToken=14911a12-10be-4bcb-a74a-64195e416851&periodStart=202012302300&periodEnd=202112302300 HTTP/1.1" 200 933
2025-05-19 18:09:45,372 - DEBUG - NoMatchingDataError: for offset 400
2025-05-19 18:09:45,374 - DEBUG - Performing request to https://web-api.tp.entsoe.eu/api with params {'documentType': 'A44', 'in_Domain': '10YPL-AREA-----S', 'out_Domain': '10YPL-AREA-----S', 'offset': 0, 'securityToken': '14911a12-10be-4bcb-a74a-64195e416851', 'periodStart': '202112302300', 'periodEnd': '202212302300'}
2025-05-19 18:09:45,676 - DEBUG - https://web-api.tp.entsoe.eu:443 "GET /api?documentType=A44&in_Domain=10YPL-AREA-----S&out_Domain=10YPL-AREA-----S&offset=0&securityToken=14911a12-10be-4bcb-a74a-64195e416851&periodStart=202112302300&periodEnd=202212302300 HTTP/1.1" 200 None
2025-05-19 18:09:46,910 - DEBUG - Performing request to https://web-api.tp.entsoe.eu/api with params {'documentType': 'A44', 'in_Domain': '10YPL-AREA-----S', 'out_Domain': '10YPL-AREA-----S', 'offset': 100, 'securityToken': '14911a12-10be-4bcb-a74a-64195e416851', 'periodStart': '202112302300', 'periodEnd': '202212302300'}
2025-05-19 18:09:47,195 - DEBUG - https://web-api.tp.entsoe.eu:443 "GET /api?documentType=A44&in_Domain=10YPL-AREA-----S&out_Domain=10YPL-AREA-----S&offset=100&securityToken=14911a12-10be-4bcb-a74a-64195e416851&periodStart=202112302300&periodEnd=202212302300 HTTP/1.1" 200 None
2025-05-19 18:09:48,581 - DEBUG - Performing request to https://web-api.tp.entsoe.eu/api with params {'documentType': 'A44', 'in_Domain': '10YPL-AREA-----S', 'out_Domain': '10YPL-AREA-----S', 'offset': 200, 'securityToken': '14911a12-10be-4bcb-a74a-64195e416851', 'periodStart': '202112302300', 'periodEnd': '202212302300'}
2025-05-19 18:09:48,932 - DEBUG - https://web-api.tp.entsoe.eu:443 "GET /api?documentType=A44&in_Domain=10YPL-AREA-----S&out_Domain=10YPL-AREA-----S&offset=200&securityToken=14911a12-10be-4bcb-a74a-64195e416851&periodStart=202112302300&periodEnd=202212302300 HTTP/1.1" 200 None
2025-05-19 18:09:50,639 - DEBUG - Performing request to https://web-api.tp.entsoe.eu/api with params {'documentType': 'A44', 'in_Domain': '10YPL-AREA-----S', 'out_Domain': '10YPL-AREA-----S', 'offset': 300, 'securityToken': '14911a12-10be-4bcb-a74a-64195e416851', 'periodStart': '202112302300', 'periodEnd': '202212302300'}
2025-05-19 18:09:50,993 - DEBUG - https://web-api.tp.entsoe.eu:443 "GET /api?documentType=A44&in_Domain=10YPL-AREA-----S&out_Domain=10YPL-AREA-----S&offset=300&securityToken=14911a12-10be-4bcb-a74a-64195e416851&periodStart=202112302300&periodEnd=202212302300 HTTP/1.1" 200 None
2025-05-19 18:09:51,848 - DEBUG - Performing request to https://web-api.tp.entsoe.eu/api with params {'documentType': 'A44', 'in_Domain': '10YPL-AREA-----S', 'out_Domain': '10YPL-AREA-----S', 'offset': 400, 'securityToken': '14911a12-10be-4bcb-a74a-64195e416851', 'periodStart': '202112302300', 'periodEnd': '202212302300'}
2025-05-19 18:09:58,146 - DEBUG - https://web-api.tp.entsoe.eu:443 "GET /api?documentType=A44&in_Domain=10YPL-AREA-----S&out_Domain=10YPL-AREA-----S&offset=400&securityToken=14911a12-10be-4bcb-a74a-64195e416851&periodStart=202112302300&periodEnd=202212302300 HTTP/1.1" 200 933
2025-05-19 18:09:58,146 - DEBUG - NoMatchingDataError: for offset 400
2025-05-19 18:09:58,148 - DEBUG - Performing request to https://web-api.tp.entsoe.eu/api with params {'documentType': 'A44', 'in_Domain': '10YPL-AREA-----S', 'out_Domain': '10YPL-AREA-----S', 'offset': 0, 'securityToken': '14911a12-10be-4bcb-a74a-64195e416851', 'periodStart': '202212302300', 'periodEnd': '202312302300'}
2025-05-19 18:09:58,529 - DEBUG - https://web-api.tp.entsoe.eu:443 "GET /api?documentType=A44&in_Domain=10YPL-AREA-----S&out_Domain=10YPL-AREA-----S&offset=0&securityToken=14911a12-10be-4bcb-a74a-64195e416851&periodStart=202212302300&periodEnd=202312302300 HTTP/1.1" 200 None
2025-05-19 18:09:59,860 - DEBUG - Performing request to https://web-api.tp.entsoe.eu/api with params {'documentType': 'A44', 'in_Domain': '10YPL-AREA-----S', 'out_Domain': '10YPL-AREA-----S', 'offset': 100, 'securityToken': '14911a12-10be-4bcb-a74a-64195e416851', 'periodStart': '202212302300', 'periodEnd': '202312302300'}
2025-05-19 18:10:00,261 - DEBUG - https://web-api.tp.entsoe.eu:443 "GET /api?documentType=A44&in_Domain=10YPL-AREA-----S&out_Domain=10YPL-AREA-----S&offset=100&securityToken=14911a12-10be-4bcb-a74a-64195e416851&periodStart=202212302300&periodEnd=202312302300 HTTP/1.1" 200 None
2025-05-19 18:10:01,651 - DEBUG - Performing request to https://web-api.tp.entsoe.eu/api with params {'documentType': 'A44', 'in_Domain': '10YPL-AREA-----S', 'out_Domain': '10YPL-AREA-----S', 'offset': 200, 'securityToken': '14911a12-10be-4bcb-a74a-64195e416851', 'periodStart': '202212302300', 'periodEnd': '202312302300'}
2025-05-19 18:10:02,058 - DEBUG - https://web-api.tp.entsoe.eu:443 "GET /api?documentType=A44&in_Domain=10YPL-AREA-----S&out_Domain=10YPL-AREA-----S&offset=200&securityToken=14911a12-10be-4bcb-a74a-64195e416851&periodStart=202212302300&periodEnd=202312302300 HTTP/1.1" 200 None
2025-05-19 18:10:03,493 - DEBUG - Performing request to https://web-api.tp.entsoe.eu/api with params {'documentType': 'A44', 'in_Domain': '10YPL-AREA-----S', 'out_Domain': '10YPL-AREA-----S', 'offset': 300, 'securityToken': '14911a12-10be-4bcb-a74a-64195e416851', 'periodStart': '202212302300', 'periodEnd': '202312302300'}
2025-05-19 18:10:03,916 - DEBUG - https://web-api.tp.entsoe.eu:443 "GET /api?documentType=A44&in_Domain=10YPL-AREA-----S&out_Domain=10YPL-AREA-----S&offset=300&securityToken=14911a12-10be-4bcb-a74a-64195e416851&periodStart=202212302300&periodEnd=202312302300 HTTP/1.1" 200 None
2025-05-19 18:10:04,959 - DEBUG - Performing request to https://web-api.tp.entsoe.eu/api with params {'documentType': 'A44', 'in_Domain': '10YPL-AREA-----S', 'out_Domain': '10YPL-AREA-----S', 'offset': 400, 'securityToken': '14911a12-10be-4bcb-a74a-64195e416851', 'periodStart': '202212302300', 'periodEnd': '202312302300'}
2025-05-19 18:10:06,035 - DEBUG - https://web-api.tp.entsoe.eu:443 "GET /api?documentType=A44&in_Domain=10YPL-AREA-----S&out_Domain=10YPL-AREA-----S&offset=400&securityToken=14911a12-10be-4bcb-a74a-64195e416851&periodStart=202212302300&periodEnd=202312302300 HTTP/1.1" 200 933
2025-05-19 18:10:06,036 - DEBUG - NoMatchingDataError: for offset 400
2025-05-19 18:10:06,037 - DEBUG - Performing request to https://web-api.tp.entsoe.eu/api with params {'documentType': 'A44', 'in_Domain': '10YPL-AREA-----S', 'out_Domain': '10YPL-AREA-----S', 'offset': 0, 'securityToken': '14911a12-10be-4bcb-a74a-64195e416851', 'periodStart': '202312302300', 'periodEnd': '202412302300'}
2025-05-19 18:10:06,920 - DEBUG - https://web-api.tp.entsoe.eu:443 "GET /api?documentType=A44&in_Domain=10YPL-AREA-----S&out_Domain=10YPL-AREA-----S&offset=0&securityToken=14911a12-10be-4bcb-a74a-64195e416851&periodStart=202312302300&periodEnd=202412302300 HTTP/1.1" 200 None
2025-05-19 18:10:08,367 - DEBUG - Performing request to https://web-api.tp.entsoe.eu/api with params {'documentType': 'A44', 'in_Domain': '10YPL-AREA-----S', 'out_Domain': '10YPL-AREA-----S', 'offset': 100, 'securityToken': '14911a12-10be-4bcb-a74a-64195e416851', 'periodStart': '202312302300', 'periodEnd': '202412302300'}
2025-05-19 18:10:09,399 - DEBUG - https://web-api.tp.entsoe.eu:443 "GET /api?documentType=A44&in_Domain=10YPL-AREA-----S&out_Domain=10YPL-AREA-----S&offset=100&securityToken=14911a12-10be-4bcb-a74a-64195e416851&periodStart=202312302300&periodEnd=202412302300 HTTP/1.1" 200 None
2025-05-19 18:10:11,083 - DEBUG - Performing request to https://web-api.tp.entsoe.eu/api with params {'documentType': 'A44', 'in_Domain': '10YPL-AREA-----S', 'out_Domain': '10YPL-AREA-----S', 'offset': 200, 'securityToken': '14911a12-10be-4bcb-a74a-64195e416851', 'periodStart': '202312302300', 'periodEnd': '202412302300'}
2025-05-19 18:10:11,804 - DEBUG - https://web-api.tp.entsoe.eu:443 "GET /api?documentType=A44&in_Domain=10YPL-AREA-----S&out_Domain=10YPL-AREA-----S&offset=200&securityToken=14911a12-10be-4bcb-a74a-64195e416851&periodStart=202312302300&periodEnd=202412302300 HTTP/1.1" 200 None
2025-05-19 18:10:13,451 - DEBUG - Performing request to https://web-api.tp.entsoe.eu/api with params {'documentType': 'A44', 'in_Domain': '10YPL-AREA-----S', 'out_Domain': '10YPL-AREA-----S', 'offset': 300, 'securityToken': '14911a12-10be-4bcb-a74a-64195e416851', 'periodStart': '202312302300', 'periodEnd': '202412302300'}
2025-05-19 18:10:13,859 - DEBUG - https://web-api.tp.entsoe.eu:443 "GET /api?documentType=A44&in_Domain=10YPL-AREA-----S&out_Domain=10YPL-AREA-----S&offset=300&securityToken=14911a12-10be-4bcb-a74a-64195e416851&periodStart=202312302300&periodEnd=202412302300 HTTP/1.1" 200 None
2025-05-19 18:10:15,194 - DEBUG - Performing request to https://web-api.tp.entsoe.eu/api with params {'documentType': 'A44', 'in_Domain': '10YPL-AREA-----S', 'out_Domain': '10YPL-AREA-----S', 'offset': 400, 'securityToken': '14911a12-10be-4bcb-a74a-64195e416851', 'periodStart': '202312302300', 'periodEnd': '202412302300'}
2025-05-19 18:10:15,196 - DEBUG - Resetting dropped connection: web-api.tp.entsoe.eu
2025-05-19 18:10:15,817 - DEBUG - https://web-api.tp.entsoe.eu:443 "GET /api?documentType=A44&in_Domain=10YPL-AREA-----S&out_Domain=10YPL-AREA-----S&offset=400&securityToken=14911a12-10be-4bcb-a74a-64195e416851&periodStart=202312302300&periodEnd=202412302300 HTTP/1.1" 200 933
2025-05-19 18:10:15,818 - DEBUG - NoMatchingDataError: for offset 400
2025-05-19 18:10:15,819 - DEBUG - Performing request to https://web-api.tp.entsoe.eu/api with params {'documentType': 'A44', 'in_Domain': '10YPL-AREA-----S', 'out_Domain': '10YPL-AREA-----S', 'offset': 0, 'securityToken': '14911a12-10be-4bcb-a74a-64195e416851', 'periodStart': '202412302300', 'periodEnd': '202412312300'}
2025-05-19 18:10:16,210 - DEBUG - https://web-api.tp.entsoe.eu:443 "GET /api?documentType=A44&in_Domain=10YPL-AREA-----S&out_Domain=10YPL-AREA-----S&offset=0&securityToken=14911a12-10be-4bcb-a74a-64195e416851&periodStart=202412302300&periodEnd=202412312300 HTTP/1.1" 200 4911
2025-05-19 18:10:16,217 - DEBUG - Performing request to https://web-api.tp.entsoe.eu/api with params {'documentType': 'A44', 'in_Domain': '10YPL-AREA-----S', 'out_Domain': '10YPL-AREA-----S', 'offset': 100, 'securityToken': '14911a12-10be-4bcb-a74a-64195e416851', 'periodStart': '202412302300', 'periodEnd': '202412312300'}
2025-05-19 18:10:16,685 - DEBUG - https://web-api.tp.entsoe.eu:443 "GET /api?documentType=A44&in_Domain=10YPL-AREA-----S&out_Domain=10YPL-AREA-----S&offset=100&securityToken=14911a12-10be-4bcb-a74a-64195e416851&periodStart=202412302300&periodEnd=202412312300 HTTP/1.1" 200 933
2025-05-19 18:10:16,686 - DEBUG - NoMatchingDataError: for offset 100
2025-05-19 18:10:31,014 - INFO - Working directory: D:\hurtownie\Integration Services Project1\PythonScripts
2025-05-19 18:10:31,014 - INFO - Python path: C:\Users\jakub\anaconda3\python.exe
2025-05-19 18:10:31,014 - INFO - Files in current directory: ['config.py', 'data_integration.py', 'entsoe_loader.py', 'main.py', 'utils.py', 'weather_loader.py', '__pycache__']
2025-05-19 18:10:31,014 - INFO - Script directory: D:\hurtownie\Integration Services Project1\PythonScripts
2025-05-19 18:10:31,014 - INFO - Files in script directory: ['config.py', 'data_integration.py', 'entsoe_loader.py', 'main.py', 'utils.py', 'weather_loader.py', '__pycache__']
2025-05-19 18:10:31,014 - INFO - Starting process_entsoe_data with type=generation, days_back=10
2025-05-19 18:10:31,014 - INFO - Script arguments: ['D:\\hurtownie\\Integration Services Project1\\PythonScripts\\entsoe_loader.py', 'generation', '2020-01-01', '2024-12-31']
2025-05-19 18:10:31,014 - INFO - Using args[2] and args[3] for dates
2025-05-19 18:10:31,203 - INFO - Final date range: 2020-01-01 00:00:00+01:00 to 2024-12-31 00:00:00+01:00
2025-05-19 18:10:31,204 - DEBUG - Performing request to https://web-api.tp.entsoe.eu/api with params {'documentType': 'A75', 'processType': 'A16', 'in_Domain': '10YPL-AREA-----S', 'securityToken': '14911a12-10be-4bcb-a74a-64195e416851', 'periodStart': '201912312300', 'periodEnd': '202012312300'}
2025-05-19 18:10:31,207 - DEBUG - Starting new HTTPS connection (1): web-api.tp.entsoe.eu:443
2025-05-19 18:11:02,802 - DEBUG - https://web-api.tp.entsoe.eu:443 "GET /api?documentType=A75&processType=A16&in_Domain=10YPL-AREA-----S&securityToken=14911a12-10be-4bcb-a74a-64195e416851&periodStart=201912312300&periodEnd=202012312300 HTTP/1.1" 200 None
2025-05-19 18:11:59,132 - DEBUG - Performing request to https://web-api.tp.entsoe.eu/api with params {'documentType': 'A75', 'processType': 'A16', 'in_Domain': '10YPL-AREA-----S', 'securityToken': '14911a12-10be-4bcb-a74a-64195e416851', 'periodStart': '202012312300', 'periodEnd': '202112312300'}
2025-05-19 18:11:59,139 - DEBUG - Resetting dropped connection: web-api.tp.entsoe.eu
2025-05-19 18:12:31,432 - DEBUG - https://web-api.tp.entsoe.eu:443 "GET /api?documentType=A75&processType=A16&in_Domain=10YPL-AREA-----S&securityToken=14911a12-10be-4bcb-a74a-64195e416851&periodStart=202012312300&periodEnd=202112312300 HTTP/1.1" 200 None
2025-05-19 18:13:35,803 - DEBUG - Performing request to https://web-api.tp.entsoe.eu/api with params {'documentType': 'A75', 'processType': 'A16', 'in_Domain': '10YPL-AREA-----S', 'securityToken': '14911a12-10be-4bcb-a74a-64195e416851', 'periodStart': '202112312300', 'periodEnd': '202212312300'}
2025-05-19 18:13:35,804 - DEBUG - Resetting dropped connection: web-api.tp.entsoe.eu
2025-05-19 18:14:08,380 - DEBUG - https://web-api.tp.entsoe.eu:443 "GET /api?documentType=A75&processType=A16&in_Domain=10YPL-AREA-----S&securityToken=14911a12-10be-4bcb-a74a-64195e416851&periodStart=202112312300&periodEnd=202212312300 HTTP/1.1" 200 None
2025-05-19 18:14:49,087 - DEBUG - Performing request to https://web-api.tp.entsoe.eu/api with params {'documentType': 'A75', 'processType': 'A16', 'in_Domain': '10YPL-AREA-----S', 'securityToken': '14911a12-10be-4bcb-a74a-64195e416851', 'periodStart': '202212312300', 'periodEnd': '202312312300'}
2025-05-19 18:14:49,089 - DEBUG - Resetting dropped connection: web-api.tp.entsoe.eu
2025-05-19 18:15:25,508 - DEBUG - https://web-api.tp.entsoe.eu:443 "GET /api?documentType=A75&processType=A16&in_Domain=10YPL-AREA-----S&securityToken=14911a12-10be-4bcb-a74a-64195e416851&periodStart=202212312300&periodEnd=202312312300 HTTP/1.1" 200 None
2025-05-19 18:16:02,692 - DEBUG - Performing request to https://web-api.tp.entsoe.eu/api with params {'documentType': 'A75', 'processType': 'A16', 'in_Domain': '10YPL-AREA-----S', 'securityToken': '14911a12-10be-4bcb-a74a-64195e416851', 'periodStart': '202312312300', 'periodEnd': '202412302300'}
2025-05-19 18:16:02,694 - DEBUG - Resetting dropped connection: web-api.tp.entsoe.eu
2025-05-19 18:16:47,546 - DEBUG - https://web-api.tp.entsoe.eu:443 "GET /api?documentType=A75&processType=A16&in_Domain=10YPL-AREA-----S&securityToken=14911a12-10be-4bcb-a74a-64195e416851&periodStart=202312312300&periodEnd=202412302300 HTTP/1.1" 200 None
